Determining if the pthread_create exist failed with the following output:
Change Dir: /home/chenxin/Desktop/kitti_gicp/gicp/build/CMakeFiles/CMakeTmp

Run Build Command:"/usr/bin/make" "cmTC_e3d99/fast"
/usr/bin/make -f CMakeFiles/cmTC_e3d99.dir/build.make CMakeFiles/cmTC_e3d99.dir/build
make[1]: Entering directory '/home/chenxin/Desktop/kitti_gicp/gicp/build/CMakeFiles/CMakeTmp'
Building C object CMakeFiles/cmTC_e3d99.dir/CheckSymbolExists.c.o
/usr/bin/cc     -o CMakeFiles/cmTC_e3d99.dir/CheckSymbolExists.c.o   -c /home/chenxin/Desktop/kitti_gicp/gicp/build/CMakeFiles/CMakeTmp/CheckSymbolExists.c
Linking C executable cmTC_e3d99
/usr/bin/cmake -E cmake_link_script CMakeFiles/cmTC_e3d99.dir/link.txt --verbose=1
/usr/bin/cc       CMakeFiles/cmTC_e3d99.dir/CheckSymbolExists.c.o  -o cmTC_e3d99 -rdynamic 
CMakeFiles/cmTC_e3d99.dir/CheckSymbolExists.c.o: In function `main':
CheckSymbolExists.c:(.text+0x16): undefined reference to `pthread_create'
collect2: error: ld returned 1 exit status
CMakeFiles/cmTC_e3d99.dir/build.make:97: recipe for target 'cmTC_e3d99' failed
make[1]: *** [cmTC_e3d99] Error 1
make[1]: Leaving directory '/home/chenxin/Desktop/kitti_gicp/gicp/build/CMakeFiles/CMakeTmp'
Makefile:126: recipe for target 'cmTC_e3d99/fast' failed
make: *** [cmTC_e3d99/fast] Error 2

File /home/chenxin/Desktop/kitti_gicp/gicp/build/CMakeFiles/CMakeTmp/CheckSymbolExists.c:
/* */
#include <pthread.h>

int main(int argc, char** argv)
{
  (void)argv;
#ifndef pthread_create
  return ((int*)(&pthread_create))[argc];
#else
  (void)argc;
  return 0;
#endif
}

Determining if the function pthread_create exists in the pthreads failed with the following output:
Change Dir: /home/chenxin/Desktop/kitti_gicp/gicp/build/CMakeFiles/CMakeTmp

Run Build Command:"/usr/bin/make" "cmTC_c8ecd/fast"
/usr/bin/make -f CMakeFiles/cmTC_c8ecd.dir/build.make CMakeFiles/cmTC_c8ecd.dir/build
make[1]: Entering directory '/home/chenxin/Desktop/kitti_gicp/gicp/build/CMakeFiles/CMakeTmp'
Building C object CMakeFiles/cmTC_c8ecd.dir/CheckFunctionExists.c.o
/usr/bin/cc    -DCHECK_FUNCTION_EXISTS=pthread_create   -o CMakeFiles/cmTC_c8ecd.dir/CheckFunctionExists.c.o   -c /usr/share/cmake-3.5/Modules/CheckFunctionExists.c
Linking C executable cmTC_c8ecd
/usr/bin/cmake -E cmake_link_script CMakeFiles/cmTC_c8ecd.dir/link.txt --verbose=1
/usr/bin/cc   -DCHECK_FUNCTION_EXISTS=pthread_create    CMakeFiles/cmTC_c8ecd.dir/CheckFunctionExists.c.o  -o cmTC_c8ecd -rdynamic -lpthreads 
/usr/bin/ld: cannot find -lpthreads
collect2: error: ld returned 1 exit status
CMakeFiles/cmTC_c8ecd.dir/build.make:97: recipe for target 'cmTC_c8ecd' failed
make[1]: *** [cmTC_c8ecd] Error 1
make[1]: Leaving directory '/home/chenxin/Desktop/kitti_gicp/gicp/build/CMakeFiles/CMakeTmp'
Makefile:126: recipe for target 'cmTC_c8ecd/fast' failed
make: *** [cmTC_c8ecd/fast] Error 2


